119lA0
153lA0
16pkA0
19hcA0
1a28B0
1a2pA0
1a2zA0
1a3aD0
1a4iB0
1a92A0
1aayA0
1abaA0
1agjA0
1ah7A0
1aieA0
1ajsA0
1akoA0
1akrA0
1amfA0
1ampA0
1aohB0
1aqbA0
1atgA0
1atlA0
1b0yA0
1b16A0
1b3aA0
1b4kA0
1b5eA0
1b67A0
1b8oA0
1babB0
1bb1A0
1bbhA0
1bbzE0
1bd0A0
1bdmB0
1bdoA0
1behB0
1benB0
1bf4A0
1bfgA0
1bg2A0
1bhpA0
1bk0A0
1bk7A0
1bkbA0
1bkrA0
1bm8A0
1bqkA0
1bs9A0
1bu7A0
1bw9A0
1bx4A0
1bx7A0
1byqA0
1c02A0
1c1kA0
1c1lA0
1c24A0
1c3dA0
1c52A0
1c5eA0
1cc8A0
1cemA0
1chdA0
1cjwA0
1cl8A0
1cmbA0
1cpqA0
1ctjA0
1cxcA0
1cxyA0
1cydA0
1czpA0
1d2nA0
1dbwB0
1dciA0
1dfuP0
1dgfA0
1dhnA0
1dnlA0
1dozA0
1dpsD0
1dptA0
1dvjA0
1dxgA0
1edmB0
1egwA0
1ejgA0
1elkA0
1ervA0
1erxA0
1es5A0
1fasA0
1fkjA0
1fltV0
1fmbA0
1ftrA0
1fvkA0
1gpeA0
1gvpA0
1h2rS0
1hfeS0
1hkaA0
1hpmA0
1iabA0
1ifcA0
1iibA0
1jetA0
1jhgA0
1koeA0
1kp6A0
1kpfA0
1kuhA0
1kveA0
1kveB0
1lkkA0
1mbaA0
1mfiA0
1mfmA0
1mgtA0
1mlaA0
1molA0
1moqA0
1mpgB0
1mrjA0
1mroB0
1mroC0
1msiA0
1mugA0
1munA0
1nbcA0
1nddB0
1noxA0
1npkA0
1nwpA0
1opdA0
1orcA0
1osaA0
1pcfA0
1pdoA0
1phnA0
1poaA0
1psrA0
1ptfA0
1qauA0
1qb7A0
1qddA0
1qf9A0
1qftA0
1qgiA0
1qh5A0
1qh8B0
1qhfA0
1qipB0
1qj4A0
1ql0A0
1qlwA0
1qnjA0
1qq4A0
1qq5A0
1qreA0
1qrrA0
1qs1A0
1qsaA0
1qsgG0
1qtsA0
1qupA0
1rb9A0
1rcfA0
1rgeA0
1rieA0
1rzlA0
1smdA0
1smlA0
1svfA0
1svfB0
1t1dA0
1tc1B0
1tcaA0
1tenA0
1tfeA0
1tgxA0
1tifA0
1tmlA0
1tudA0
1tx4A0
1uaeA0
1ubpA0
1ugiD0
1uroA0
1vccA0
1vfrA0
1vfyA0
1vhhA0
1vieA0
1vnsA0
1vsrA0
1wapB0
1whiA0
1yacB0
1ytbA0
1zinA0
256bA0
2actA0
2acyA0
2ahjD0
2arcB0
2ayhA0
2cbpA0
2cpgA0
2cplA0
2driA0
2erlA0
2igdA0
2kntA0
2lisA0
2msbA0
2nlrA0
2pthA0
2qwcA0
2sakA0
2tgiA0
2tnfA0
2tpsA0
3cyrA0
3ebxA0
3eipA0
3ezmA0
3pviA0
3pypA0
3silA0
3stdA0
3vubA0
451cA0
4eugA0
4lztA0
5nulA0
5p21A0
6celA0
7atjA0
7fd1A0
8rucA0
8rucI0
